<?xml version="1.0" encoding="UTF-8"?>
<testng-results ignored="0" total="2" passed="2" failed="0" skipped="0">
  <reporter-output>
  </reporter-output>
  <suite started-at="2023-12-13T20:39:07 IST" name="Suite" finished-at="2023-12-13T20:39:21 IST" duration-ms="14330">
    <groups>
      <group name="Master">
        <method signature="TC_001_AccountRegistrationTest.test_account_Registration()[pri:0, instance:TestCases.TC_001_AccountRegistrationTest@7193666c]" name="test_account_Registration" class="TestCases.TC_001_AccountRegistrationTest"/>
        <method signature="TC_002_LoginTest.test_Login()[pri:0, instance:TestCases.TC_002_LoginTest@55b7a4e0]" name="test_Login" class="TestCases.TC_002_LoginTest"/>
      </group> <!-- Master -->
      <group name="Sanity">
        <method signature="TC_002_LoginTest.test_Login()[pri:0, instance:TestCases.TC_002_LoginTest@55b7a4e0]" name="test_Login" class="TestCases.TC_002_LoginTest"/>
      </group> <!-- Sanity -->
      <group name="Regression">
        <method signature="TC_001_AccountRegistrationTest.test_account_Registration()[pri:0, instance:TestCases.TC_001_AccountRegistrationTest@7193666c]" name="test_account_Registration" class="TestCases.TC_001_AccountRegistrationTest"/>
      </group> <!-- Regression -->
    </groups>
    <test started-at="2023-12-13T20:39:07 IST" name="Test" finished-at="2023-12-13T20:39:21 IST" duration-ms="14330">
      <class name="TestCases.TC_001_AccountRegistrationTest">
        <test-method is-config="true" signature="setup(java.lang.String)[pri:0, instance:TestCases.TC_001_AccountRegistrationTest@7193666c]" started-at="2023-12-13T20:39:07 IST" name="setup" finished-at="2023-12-13T20:39:13 IST" duration-ms="6255" status="PASS">
          <params>
            <param index="0">
              <value>
                <![CDATA[chrome]]>
              </value>
            </param>
          </params>
          <reporter-output>
          </reporter-output>
        </test-method> <!-- setup -->
        <test-method signature="test_account_Registration()[pri:0, instance:TestCases.TC_001_AccountRegistrationTest@7193666c]" started-at="2023-12-13T20:39:13 IST" name="test_account_Registration" finished-at="2023-12-13T20:39:16 IST" duration-ms="2328" status="PASS">
          <reporter-output>
          </reporter-output>
        </test-method> <!-- test_account_Registration -->
        <test-method is-config="true" signature="tearDown()[pri:0, instance:TestCases.TC_001_AccountRegistrationTest@7193666c]" started-at="2023-12-13T20:39:16 IST" name="tearDown" finished-at="2023-12-13T20:39:16 IST" duration-ms="204" status="PASS">
          <reporter-output>
          </reporter-output>
        </test-method> <!-- tearDown -->
      </class> <!-- TestCases.TC_001_AccountRegistrationTest -->
      <class name="TestCases.TC_002_LoginTest">
        <test-method is-config="true" signature="setup(java.lang.String)[pri:0, instance:TestCases.TC_002_LoginTest@55b7a4e0]" started-at="2023-12-13T20:39:16 IST" name="setup" finished-at="2023-12-13T20:39:19 IST" duration-ms="3445" status="PASS">
          <params>
            <param index="0">
              <value>
                <![CDATA[chrome]]>
              </value>
            </param>
          </params>
          <reporter-output>
          </reporter-output>
        </test-method> <!-- setup -->
        <test-method signature="test_Login()[pri:0, instance:TestCases.TC_002_LoginTest@55b7a4e0]" started-at="2023-12-13T20:39:19 IST" name="test_Login" finished-at="2023-12-13T20:39:21 IST" duration-ms="1642" status="PASS">
          <reporter-output>
          </reporter-output>
        </test-method> <!-- test_Login -->
        <test-method is-config="true" signature="tearDown()[pri:0, instance:TestCases.TC_002_LoginTest@55b7a4e0]" started-at="2023-12-13T20:39:21 IST" name="tearDown" finished-at="2023-12-13T20:39:21 IST" duration-ms="144" status="PASS">
          <reporter-output>
          </reporter-output>
        </test-method> <!-- tearDown -->
      </class> <!-- TestCases.TC_002_LoginTest -->
    </test> <!-- Test -->
  </suite> <!-- Suite -->
</testng-results>
